     1                                  bits 32 ; assembling for the 32 bits architecture
     2                                  
     3                                  ; declare the EntryPoint (a label defining the very first instruction of the program)
     4                                  global start        
     5                                  
     6                                  ; declare external functions needed by our program
     7                                  extern exit               ; tell nasm that exit exists even if we won't be defining it
     8                                  import exit msvcrt.dll    ; exit is a function that ends the calling process. It is defined in msvcrt.dll
     9                                                            ; msvcrt.dll contains exit, printf and all the other important C-runtime specific functions
    10                                  
    11                                  ; our data is declared here (the variables needed by our program)
    12                                  segment data use32 class=data
    13 00000000 07                          a db 7
    14 00000001 06                          b db 6
    15 00000002 03                          c db 3
    16                                  
    17                                  ; our code starts here
    18                                  segment code use32 class=code
    19                                      start:
    20 00000000 A0[00000000]                    mov al, [a]
    21 00000005 8A1D[01000000]                  mov bl, [b]
    22 0000000B F6E3                            mul bl
    23 0000000D 8A1D[02000000]                  mov bl, [c]
    24 00000013 F6F3                            div bl
    25                                      
    26                                          ; exit(0)
    27 00000015 6A00                            push    dword 0      ; push the parameter for exit onto the stack
    28 00000017 FF15[00000000]                  call    [exit]       ; call exit to terminate the program
