     1                                  bits 32 ; assembling for the 32 bits architecture
     2                                  
     3                                  ; declare the EntryPoint (a label defining the very first instruction of the program)
     4                                  global start        
     5                                  
     6                                  ; declare external functions needed by our program
     7                                  extern exit               ; tell nasm that exit exists even if we won't be defining it
     8                                  import exit msvcrt.dll    ; exit is a function that ends the calling process. It is defined in msvcrt.dll
     9                                                            ; msvcrt.dll contains exit, printf and all the other important C-runtime specific functions
    10                                  
    11                                  ; our data is declared here (the variables needed by our program)
    12                                  segment data use32 class=data
    13                                      mov al, [a]
    13          ******************       error: symbol `a' undefined
    14                                          add al, [b]
    14          ******************       error: symbol `b' undefined
    15 00000000 B302                            mov bl, 2
    16 00000002 F6E3                            mul bl
    17 00000004 6689C1                          mov cx, ax
    18 00000007 B005                            mov al, 5
    19                                          mul byte [c]
    19          ******************       error: symbol `c' undefined
    20 00000009 6629C1                          sub cx, ax
    21                                          mov ax, [d]
    21          ******************       error: symbol `d' undefined
    22 0000000C 6683E803                        sub ax, 3
    23 00000010 66F7E1                          mul cx
    24                                  
    25                                  ; our code starts here
    26                                  segment code use32 class=code
    27                                      start:
    28                                          ; ...
    29                                      
    30                                          ; exit(0)
    31 00000000 6A00                            push    dword 0      ; push the parameter for exit onto the stack
    32 00000002 FF15[00000000]                  call    [exit]       ; call exit to terminate the program
